TN:
SF:netlify/functions/share.ts
FN:8,generateId
FN:30,(anonymous_1)
FNF:2
FNH:2
FNDA:204,generateId
FNDA:13,(anonymous_1)
DA:4,1
DA:5,1
DA:9,204
DA:10,204
DA:11,204
DA:12,1632
DA:14,204
DA:18,1
DA:32,13
DA:33,1
DA:37,12
DA:40,12
DA:41,5
DA:42,5
DA:43,5
DA:45,5
DA:46,2
DA:53,3
DA:54,3
DA:55,3
DA:56,3
DA:57,3
DA:58,0
DA:59,0
DA:63,3
DA:69,3
DA:71,3
DA:76,0
DA:77,0
DA:91,7
DA:92,5
DA:93,5
DA:95,5
DA:96,1
DA:102,4
DA:103,4
DA:105,4
DA:106,2
DA:113,2
DA:114,1
DA:115,1
DA:121,1
DA:126,0
DA:127,0
DA:140,2
LF:45
LH:39
BRDA:32,0,0,1
BRDA:32,0,1,12
BRDA:40,1,0,5
BRDA:40,1,1,7
BRDA:45,2,0,2
BRDA:45,2,1,3
BRDA:45,3,0,5
BRDA:45,3,1,4
BRDA:57,4,0,3
BRDA:57,4,1,0
BRDA:91,5,0,5
BRDA:91,5,1,2
BRDA:95,6,0,1
BRDA:95,6,1,4
BRDA:105,7,0,2
BRDA:105,7,1,2
BRDA:113,8,0,1
BRDA:113,8,1,1
BRDA:113,9,0,2
BRDA:113,9,1,2
BRF:20
BRH:19
end_of_record
TN:
SF:src/components/ui/checkbox/checkbox.module.css
FNF:0
FNH:0
LF:0
LH:0
BRF:0
BRH:0
end_of_record
TN:
SF:src/components/ui/checkbox/checkbox.tsx
FN:8,Checkbox
FNF:1
FNH:1
FNDA:10,Checkbox
DA:13,10
DA:14,5
DA:22,5
LF:3
LH:3
BRDA:13,0,0,5
BRDA:13,0,1,5
BRDA:15,1,0,5
BRDA:15,1,1,4
BRF:4
BRH:4
end_of_record
TN:
SF:src/components/ui/input/input.module.css
FNF:0
FNH:0
LF:0
LH:0
BRF:0
BRH:0
end_of_record
TN:
SF:src/components/ui/input/input.tsx
FN:9,Input
FNF:1
FNH:1
FNDA:9,Input
DA:16,9
DA:18,9
DA:19,5
DA:36,4
LF:4
LH:4
BRDA:16,0,0,9
BRDA:16,0,1,9
BRDA:18,1,0,5
BRDA:18,1,1,4
BRDA:26,2,0,3
BRDA:26,2,1,2
BRDA:27,3,0,5
BRDA:27,3,1,5
BRDA:31,4,0,5
BRDA:31,4,1,3
BRDA:39,5,0,0
BRDA:39,5,1,4
BRDA:40,6,0,9
BRDA:40,6,1,3
BRF:14
BRH:13
end_of_record
TN:
SF:src/components/ui/radio/radio.module.css
FNF:0
FNH:0
LF:0
LH:0
BRF:0
BRH:0
end_of_record
TN:
SF:src/components/ui/radio/radio.tsx
FN:8,Radio
FNF:1
FNH:1
FNDA:10,Radio
DA:9,10
DA:10,5
DA:18,5
LF:3
LH:3
BRDA:9,0,0,5
BRDA:9,0,1,5
BRDA:11,1,0,5
BRDA:11,1,1,4
BRF:4
BRH:4
end_of_record
TN:
SF:src/components/ui/select/select.module.css
FNF:0
FNH:0
LF:0
LH:0
BRF:0
BRH:0
end_of_record
TN:
SF:src/components/ui/select/select.tsx
FN:15,Select
FN:49,SelectItem
FNF:2
FNH:2
FNDA:9,Select
FNDA:12,SelectItem
DA:22,9
DA:50,12
LF:2
LH:2
BRDA:19,0,0,9
BRDA:24,1,0,9
BRDA:24,1,1,1
BRF:3
BRH:3
end_of_record
TN:
SF:src/domain/entities/project-file.entity.ts
FN:31,createProjectFile
FN:48,updateProjectFile
FN:64,isMainFile
FNF:3
FNH:1
FNDA:36,createProjectFile
FNDA:0,updateProjectFile
FNDA:0,isMainFile
DA:34,36
DA:36,36
DA:57,0
DA:65,0
LF:4
LH:2
BRDA:37,0,0,36
BRDA:37,0,1,4
BRDA:41,1,0,36
BRDA:41,1,1,0
BRDA:42,2,0,36
BRDA:42,2,1,2
BRDA:43,3,0,36
BRDA:43,3,1,36
BRDA:44,4,0,36
BRDA:44,4,1,36
BRF:10
BRH:9
end_of_record
TN:
SF:src/domain/entities/project.entity.ts
FN:58,createProject
FN:78,updateProject
FN:97,addFile
FN:105,removeFile
FN:108,(anonymous_4)
FN:113,updateFile
FN:126,(anonymous_6)
FN:136,getMainFile
FN:137,(anonymous_8)
FN:140,addTag
FN:151,removeTag
FN:154,(anonymous_11)
FNF:12
FNH:1
FNDA:103,createProject
FNDA:0,updateProject
FNDA:0,addFile
FNDA:0,removeFile
FNDA:0,(anonymous_4)
FNDA:0,updateFile
FNDA:0,(anonymous_6)
FNDA:0,getMainFile
FNDA:0,(anonymous_8)
FNDA:0,addTag
FNDA:0,removeTag
FNDA:0,(anonymous_11)
DA:59,103
DA:61,103
DA:90,0
DA:98,0
DA:106,0
DA:108,0
DA:123,0
DA:127,0
DA:137,0
DA:141,0
DA:142,0
DA:144,0
DA:152,0
DA:154,0
LF:14
LH:2
BRDA:62,0,0,103
BRDA:62,0,1,6
BRDA:65,1,0,103
BRDA:65,1,1,90
BRDA:67,2,0,103
BRDA:67,2,1,31
BRDA:68,3,0,103
BRDA:68,3,1,6
BRDA:69,4,0,103
BRDA:69,4,1,23
BRDA:70,5,0,103
BRDA:70,5,1,23
BRDA:71,6,0,103
BRDA:71,6,1,23
BRDA:72,7,0,103
BRDA:72,7,1,90
BRDA:73,8,0,103
BRDA:73,8,1,41
BRDA:74,9,0,103
BRDA:74,9,1,41
BRDA:127,10,0,0
BRDA:127,10,1,0
BRDA:141,11,0,0
BRDA:141,11,1,0
BRF:24
BRH:20
end_of_record
TN:
SF:src/domain/errors/domain.error.ts
FN:66,(anonymous_0)
FN:88,(anonymous_1)
FN:109,(anonymous_2)
FNF:3
FNH:3
FNDA:34,(anonymous_0)
FNDA:10,(anonymous_1)
FNDA:9,(anonymous_2)
DA:67,34
DA:68,34
DA:89,10
DA:90,10
DA:110,9
DA:111,9
LF:6
LH:6
BRF:0
BRH:0
end_of_record
TN:
SF:src/domain/errors/index.ts
FNF:0
FNH:0
LF:0
LH:0
BRF:0
BRH:0
end_of_record
TN:
SF:src/domain/services/authorization.service.ts
FN:42,createAuthorizationService
FN:46,(anonymous_1)
FN:70,(anonymous_2)
FN:77,(anonymous_3)
FN:91,(anonymous_4)
FNF:5
FNH:1
FNDA:1,createAuthorizationService
FNDA:0,(anonymous_1)
FNDA:0,(anonymous_2)
FNDA:0,(anonymous_3)
FNDA:0,(anonymous_4)
DA:14,5
DA:45,1
DA:47,0
DA:49,0
DA:50,0
DA:54,0
DA:55,0
DA:59,0
DA:60,0
DA:64,0
DA:65,0
DA:69,0
DA:70,0
DA:71,0
DA:74,0
DA:78,0
DA:80,0
DA:81,0
DA:84,0
DA:85,0
DA:88,0
DA:95,0
DA:97,0
DA:98,0
DA:102,0
DA:103,0
DA:107,0
DA:108,0
DA:112,0
DA:113,0
DA:116,0
LF:31
LH:2
BRDA:49,0,0,0
BRDA:49,0,1,0
BRDA:54,1,0,0
BRDA:54,1,1,0
BRDA:59,2,0,0
BRDA:59,2,1,0
BRDA:64,3,0,0
BRDA:64,3,1,0
BRDA:70,4,0,0
BRDA:70,4,1,0
BRDA:80,5,0,0
BRDA:80,5,1,0
BRDA:84,6,0,0
BRDA:84,6,1,0
BRDA:97,7,0,0
BRDA:97,7,1,0
BRDA:102,8,0,0
BRDA:102,8,1,0
BRDA:107,9,0,0
BRDA:107,9,1,0
BRDA:112,10,0,0
BRDA:112,10,1,0
BRF:22
BRH:0
end_of_record
TN:
SF:src/domain/services/index.ts
FNF:0
FNH:0
LF:0
LH:0
BRF:0
BRH:0
end_of_record
TN:
SF:src/domain/value-objects/file-content.vo.ts
FN:14,createFileContent
FN:34,emptyFileContent
FN:41,isFileContent
FN:53,isEmpty
FN:60,getByteSize
FNF:5
FNH:5
FNDA:51,createFileContent
FNDA:2,emptyFileContent
FNDA:6,isFileContent
FNDA:3,isEmpty
FNDA:3,getByteSize
DA:16,51
DA:17,51
DA:19,51
DA:20,2
DA:25,49
DA:35,2
DA:42,6
DA:54,3
DA:61,3
LF:9
LH:9
BRDA:19,0,0,2
BRDA:19,0,1,49
BRDA:43,1,0,6
BRDA:43,1,1,4
BRDA:43,1,2,3
BRDA:43,1,3,2
BRF:6
BRH:6
end_of_record
TN:
SF:src/domain/value-objects/file-name.vo.ts
FN:19,extractExtension
FN:27,createFileName
FN:55,isFileName
FN:64,hasExtension
FN:68,isAssemblyFile
FN:72,getBaseName
FNF:6
FNH:6
FNDA:59,extractExtension
FNDA:67,createFileName
FNDA:4,isFileName
FNDA:15,hasExtension
FNDA:6,isAssemblyFile
FNDA:3,getBaseName
DA:8,6
DA:16,6
DA:17,6
DA:20,59
DA:21,59
DA:22,5
DA:24,54
DA:28,67
DA:30,67
DA:31,2
DA:34,65
DA:35,2
DA:40,63
DA:41,4
DA:46,59
DA:48,59
DA:56,4
DA:65,15
DA:69,6
DA:73,3
DA:74,1
DA:76,2
LF:22
LH:22
BRDA:21,0,0,5
BRDA:21,0,1,54
BRDA:21,1,0,59
BRDA:21,1,1,55
BRDA:30,2,0,2
BRDA:30,2,1,65
BRDA:34,3,0,2
BRDA:34,3,1,63
BRDA:40,4,0,4
BRDA:40,4,1,59
BRDA:57,5,0,4
BRDA:57,5,1,2
BRDA:57,5,2,1
BRDA:57,5,3,1
BRDA:69,6,0,6
BRDA:69,6,1,4
BRDA:73,7,0,1
BRDA:73,7,1,2
BRF:18
BRH:18
end_of_record
TN:
SF:src/domain/value-objects/project-name.vo.ts
FN:20,createProjectName
FN:51,isProjectName
FNF:2
FNH:2
FNDA:118,createProjectName
FNDA:6,isProjectName
DA:9,14
DA:16,14
DA:17,14
DA:18,14
DA:21,118
DA:23,118
DA:24,2
DA:27,116
DA:28,3
DA:33,113
DA:34,2
DA:39,111
DA:40,3
DA:45,108
DA:52,6
LF:15
LH:15
BRDA:23,0,0,2
BRDA:23,0,1,116
BRDA:27,1,0,3
BRDA:27,1,1,113
BRDA:33,2,0,2
BRDA:33,2,1,111
BRDA:39,3,0,3
BRDA:39,3,1,108
BRDA:53,4,0,6
BRDA:53,4,1,3
BRDA:53,4,2,2
BRDA:53,4,3,1
BRF:12
BRH:12
end_of_record
TN:
SF:src/domain/value-objects/visibility.vo.ts
FN:23,createVisibility
FN:44,isVisibility
FN:53,isPublic
FN:57,isPrivate
FN:61,canBeShared
FNF:5
FNH:4
FNDA:129,createVisibility
FNDA:4,isVisibility
FNDA:3,isPublic
FNDA:0,isPrivate
FNDA:3,canBeShared
DA:10,14
DA:16,14
DA:24,129
DA:25,3
DA:30,126
DA:37,14
DA:45,4
DA:54,3
DA:58,0
DA:62,3
LF:10
LH:9
BRDA:24,0,0,3
BRDA:24,0,1,126
BRDA:46,1,0,4
BRDA:46,1,1,2
BRDA:46,1,2,1
BRDA:46,1,3,1
BRF:6
BRH:6
end_of_record
TN:
SF:src/infrastructure/container.ts
FN:85,createContainer
FNF:1
FNH:1
FNDA:1,createContainer
DA:87,1
DA:90,1
DA:93,1
DA:149,1
LF:4
LH:4
BRF:0
BRH:0
end_of_record
TN:
SF:src/infrastructure/repositories/supabase-projects.repository.ts
FN:27,mapToDomain
FN:29,(anonymous_1)
FN:43,(anonymous_2)
FN:51,(anonymous_3)
FN:56,(anonymous_4)
FN:81,createSupabaseProjectsRepository
FN:85,(anonymous_6)
FN:122,(anonymous_7)
FN:135,(anonymous_8)
FN:144,(anonymous_9)
FN:148,(anonymous_10)
FN:151,(anonymous_11)
FN:182,(anonymous_12)
FN:215,(anonymous_13)
FN:233,(anonymous_14)
FN:255,(anonymous_15)
FN:283,(anonymous_16)
FN:296,(anonymous_17)
FN:325,(anonymous_18)
FN:366,(anonymous_19)
FN:376,(anonymous_20)
FN:385,(anonymous_21)
FN:392,(anonymous_22)
FN:413,(anonymous_23)
FN:422,(anonymous_24)
FN:425,(anonymous_25)
FN:437,(anonymous_26)
FN:454,(anonymous_27)
FN:472,(anonymous_28)
FN:476,(anonymous_29)
FN:479,(anonymous_30)
FN:524,(anonymous_31)
FN:561,(anonymous_32)
FN:579,(anonymous_33)
FN:587,(anonymous_34)
FN:607,(anonymous_35)
FN:637,(anonymous_36)
FNF:37
FNH:1
FNDA:0,mapToDomain
FNDA:0,(anonymous_1)
FNDA:0,(anonymous_2)
FNDA:0,(anonymous_3)
FNDA:0,(anonymous_4)
FNDA:2,createSupabaseProjectsRepository
FNDA:0,(anonymous_6)
FNDA:0,(anonymous_7)
FNDA:0,(anonymous_8)
FNDA:0,(anonymous_9)
FNDA:0,(anonymous_10)
FNDA:0,(anonymous_11)
FNDA:0,(anonymous_12)
FNDA:0,(anonymous_13)
FNDA:0,(anonymous_14)
FNDA:0,(anonymous_15)
FNDA:0,(anonymous_16)
FNDA:0,(anonymous_17)
FNDA:0,(anonymous_18)
FNDA:0,(anonymous_19)
FNDA:0,(anonymous_20)
FNDA:0,(anonymous_21)
FNDA:0,(anonymous_22)
FNDA:0,(anonymous_23)
FNDA:0,(anonymous_24)
FNDA:0,(anonymous_25)
FNDA:0,(anonymous_26)
FNDA:0,(anonymous_27)
FNDA:0,(anonymous_28)
FNDA:0,(anonymous_29)
FNDA:0,(anonymous_30)
FNDA:0,(anonymous_31)
FNDA:0,(anonymous_32)
FNDA:0,(anonymous_33)
FNDA:0,(anonymous_34)
FNDA:0,(anonymous_35)
FNDA:0,(anonymous_36)
DA:29,0
DA:43,0
DA:50,0
DA:51,0
DA:55,0
DA:56,0
DA:59,0
DA:84,2
DA:86,0
DA:103,0
DA:109,0
DA:112,0
DA:117,0
DA:120,0
DA:121,0
DA:122,0
DA:123,0
DA:129,0
DA:130,0
DA:134,0
DA:135,0
DA:136,0
DA:137,0
DA:138,0
DA:143,0
DA:145,0
DA:148,0
DA:152,0
DA:174,0
DA:175,0
DA:176,0
DA:179,0
DA:183,0
DA:207,0
DA:208,0
DA:209,0
DA:212,0
DA:217,0
DA:229,0
DA:232,0
DA:233,0
DA:241,0
DA:245,0
DA:249,0
DA:250,0
DA:252,0
DA:259,0
DA:261,0
DA:262,0
DA:263,0
DA:264,0
DA:265,0
DA:266,0
DA:268,0
DA:270,0
DA:275,0
DA:277,0
DA:278,0
DA:280,0
DA:284,0
DA:289,0
DA:300,0
DA:313,0
DA:315,0
DA:330,0
DA:332,0
DA:333,0
DA:334,0
DA:335,0
DA:338,0
DA:339,0
DA:346,0
DA:354,0
DA:356,0
DA:367,0
DA:373,0
DA:377,0
DA:382,0
DA:383,0
DA:385,0
DA:393,0
DA:395,0
DA:404,0
DA:406,0
DA:414,0
DA:419,0
DA:420,0
DA:422,0
DA:429,0
DA:434,0
DA:441,0
DA:447,0
DA:455,0
DA:468,0
DA:469,0
DA:471,0
DA:472,0
DA:476,0
DA:481,0
DA:486,0
DA:492,0
DA:493,0
DA:496,0
DA:497,0
DA:500,0
DA:506,0
DA:507,0
DA:511,0
DA:517,0
DA:518,0
DA:521,0
DA:527,0
DA:531,0
DA:533,0
DA:535,0
DA:541,0
DA:543,0
DA:545,0
DA:548,0
DA:554,0
DA:562,0
DA:576,0
DA:577,0
DA:579,0
DA:590,0
DA:596,0
DA:597,0
DA:599,0
DA:601,0
DA:604,0
DA:609,0
DA:615,0
DA:616,0
DA:619,0
DA:625,0
DA:626,0
DA:629,0
DA:638,0
DA:644,0
LF:139
LH:1
BRDA:29,0,0,0
BRDA:29,0,1,0
BRDA:43,1,0,0
BRDA:43,1,1,0
BRDA:50,2,0,0
BRDA:50,2,1,0
BRDA:51,3,0,0
BRDA:51,3,1,0
BRDA:55,4,0,0
BRDA:55,4,1,0
BRDA:56,5,0,0
BRDA:56,5,1,0
BRDA:109,6,0,0
BRDA:109,6,1,0
BRDA:117,7,0,0
BRDA:117,7,1,0
BRDA:121,8,0,0
BRDA:121,8,1,0
BRDA:121,9,0,0
BRDA:121,9,1,0
BRDA:129,10,0,0
BRDA:129,10,1,0
BRDA:130,11,0,0
BRDA:130,11,1,0
BRDA:134,12,0,0
BRDA:134,12,1,0
BRDA:137,13,0,0
BRDA:137,13,1,0
BRDA:174,14,0,0
BRDA:174,14,1,0
BRDA:175,15,0,0
BRDA:175,15,1,0
BRDA:207,16,0,0
BRDA:207,16,1,0
BRDA:208,17,0,0
BRDA:208,17,1,0
BRDA:229,18,0,0
BRDA:229,18,1,0
BRDA:232,19,0,0
BRDA:232,19,1,0
BRDA:245,20,0,0
BRDA:245,20,1,0
BRDA:250,21,0,0
BRDA:250,21,1,0
BRDA:261,22,0,0
BRDA:261,22,1,0
BRDA:262,23,0,0
BRDA:262,23,1,0
BRDA:264,24,0,0
BRDA:264,24,1,0
BRDA:265,25,0,0
BRDA:265,25,1,0
BRDA:275,26,0,0
BRDA:275,26,1,0
BRDA:278,27,0,0
BRDA:278,27,1,0
BRDA:289,28,0,0
BRDA:289,28,1,0
BRDA:313,29,0,0
BRDA:313,29,1,0
BRDA:332,30,0,0
BRDA:332,30,1,0
BRDA:333,31,0,0
BRDA:333,31,1,0
BRDA:334,32,0,0
BRDA:334,32,1,0
BRDA:335,33,0,0
BRDA:335,33,1,0
BRDA:338,34,0,0
BRDA:338,34,1,0
BRDA:354,35,0,0
BRDA:354,35,1,0
BRDA:373,36,0,0
BRDA:373,36,1,0
BRDA:382,37,0,0
BRDA:382,37,1,0
BRDA:383,38,0,0
BRDA:383,38,1,0
BRDA:404,39,0,0
BRDA:404,39,1,0
BRDA:419,40,0,0
BRDA:419,40,1,0
BRDA:420,41,0,0
BRDA:420,41,1,0
BRDA:434,42,0,0
BRDA:434,42,1,0
BRDA:447,43,0,0
BRDA:447,43,1,0
BRDA:468,44,0,0
BRDA:468,44,1,0
BRDA:469,45,0,0
BRDA:469,45,1,0
BRDA:476,46,0,0
BRDA:476,46,1,0
BRDA:492,47,0,0
BRDA:492,47,1,0
BRDA:492,48,0,0
BRDA:492,48,1,0
BRDA:496,49,0,0
BRDA:496,49,1,0
BRDA:506,50,0,0
BRDA:506,50,1,0
BRDA:517,51,0,0
BRDA:517,51,1,0
BRDA:517,52,0,0
BRDA:517,52,1,0
BRDA:533,53,0,0
BRDA:533,53,1,0
BRDA:541,54,0,0
BRDA:541,54,1,0
BRDA:541,55,0,0
BRDA:541,55,1,0
BRDA:554,56,0,0
BRDA:554,56,1,0
BRDA:576,57,0,0
BRDA:576,57,1,0
BRDA:577,58,0,0
BRDA:577,58,1,0
BRDA:582,59,0,0
BRDA:582,59,1,0
BRDA:596,60,0,0
BRDA:596,60,1,0
BRDA:597,61,0,0
BRDA:597,61,1,0
BRDA:604,62,0,0
BRDA:604,62,1,0
BRDA:615,63,0,0
BRDA:615,63,1,0
BRDA:615,64,0,0
BRDA:615,64,1,0
BRDA:625,65,0,0
BRDA:625,65,1,0
BRDA:625,66,0,0
BRDA:625,66,1,0
BRDA:644,67,0,0
BRDA:644,67,1,0
BRF:136
BRH:0
end_of_record
TN:
SF:src/lib/supabase.ts
FNF:0
FNH:0
DA:4,1
DA:5,1
DA:7,1
DA:8,0
DA:13,1
LF:5
LH:4
BRDA:7,0,0,0
BRDA:7,0,1,1
BRDA:7,1,0,1
BRDA:7,1,1,1
BRF:4
BRH:3
end_of_record
TN:
SF:src/services/auth.service.ts
FN:20,(anonymous_0)
FN:45,(anonymous_1)
FN:73,(anonymous_2)
FN:92,(anonymous_3)
FN:122,(anonymous_4)
FN:133,(anonymous_5)
FN:144,(anonymous_6)
FN:169,(anonymous_7)
FN:197,(anonymous_8)
FN:200,(anonymous_9)
FNF:10
FNH:7
FNDA:3,(anonymous_0)
FNDA:3,(anonymous_1)
FNDA:2,(anonymous_2)
FNDA:1,(anonymous_3)
FNDA:0,(anonymous_4)
FNDA:0,(anonymous_5)
FNDA:2,(anonymous_6)
FNDA:2,(anonymous_7)
FNDA:1,(anonymous_8)
FNDA:0,(anonymous_9)
DA:21,3
DA:22,3
DA:27,2
DA:28,1
DA:31,1
DA:33,1
DA:46,3
DA:47,3
DA:55,3
DA:56,1
DA:59,2
DA:61,0
DA:74,2
DA:75,2
DA:76,2
DA:77,1
DA:79,1
DA:81,0
DA:93,1
DA:94,1
DA:101,1
DA:102,0
DA:105,1
DA:107,0
DA:126,0
DA:127,0
DA:137,0
DA:138,0
DA:145,2
DA:146,2
DA:152,2
DA:154,1
DA:161,1
DA:162,1
DA:173,2
DA:174,2
DA:179,2
DA:180,1
DA:183,1
DA:185,0
DA:200,1
DA:201,0
DA:203,1
DA:208,1
LF:44
LH:34
BRDA:27,0,0,1
BRDA:27,0,1,1
BRDA:36,1,0,1
BRDA:36,1,1,0
BRDA:51,2,0,1
BRDA:51,2,1,2
BRDA:55,3,0,1
BRDA:55,3,1,2
BRDA:64,4,0,0
BRDA:64,4,1,0
BRDA:76,5,0,1
BRDA:76,5,1,1
BRDA:83,6,0,0
BRDA:83,6,1,0
BRDA:101,7,0,0
BRDA:101,7,1,1
BRDA:111,8,0,0
BRDA:111,8,1,0
BRDA:152,9,0,1
BRDA:152,9,1,1
BRDA:179,10,0,1
BRDA:179,10,1,1
BRDA:188,11,0,0
BRDA:188,11,1,0
BRDA:201,12,0,0
BRDA:201,12,1,0
BRF:26
BRH:14
end_of_record
TN:
SF:src/store/projects.ts
FN:22,(anonymous_0)
FN:25,(anonymous_1)
FN:28,(anonymous_2)
FN:31,(anonymous_3)
FN:34,(anonymous_4)
FN:36,(anonymous_5)
FN:48,(anonymous_6)
FN:64,(anonymous_7)
FN:73,(anonymous_8)
FN:74,(anonymous_9)
FN:97,(anonymous_10)
FN:113,(anonymous_11)
FN:128,(anonymous_12)
FN:134,(anonymous_13)
FN:152,(anonymous_14)
FN:173,(anonymous_15)
FN:174,(anonymous_16)
FN:190,(anonymous_17)
FN:195,(anonymous_18)
FN:195,(anonymous_19)
FN:215,(anonymous_20)
FN:221,(anonymous_21)
FN:222,(anonymous_22)
FN:235,(anonymous_23)
FN:249,(anonymous_24)
FN:264,(anonymous_25)
FN:265,(anonymous_26)
FN:292,(anonymous_27)
FN:308,(anonymous_28)
FN:309,(anonymous_29)
FN:313,(anonymous_30)
FN:335,(anonymous_31)
FN:348,(anonymous_32)
FN:349,(anonymous_33)
FN:353,(anonymous_34)
FN:365,(anonymous_35)
FN:366,(anonymous_36)
FN:384,(anonymous_37)
FN:396,(anonymous_38)
FN:407,(anonymous_39)
FN:408,(anonymous_40)
FN:412,(anonymous_41)
FN:437,(anonymous_42)
FN:442,(anonymous_43)
FN:454,(anonymous_44)
FN:455,(anonymous_45)
FN:469,(anonymous_46)
FN:474,(anonymous_47)
FN:486,(anonymous_48)
FN:487,(anonymous_49)
FN:489,(anonymous_50)
FN:523,(anonymous_51)
FN:526,(anonymous_52)
FN:577,(anonymous_53)
FN:582,(anonymous_54)
FN:594,(anonymous_55)
FN:595,(anonymous_56)
FN:609,(anonymous_57)
FN:614,(anonymous_58)
FN:626,(anonymous_59)
FN:627,(anonymous_60)
FN:631,(anonymous_61)
FN:648,(anonymous_62)
FN:653,(anonymous_63)
FN:665,(anonymous_64)
FN:666,(anonymous_65)
FN:685,(anonymous_66)
FN:690,(anonymous_67)
FN:702,(anonymous_68)
FN:703,(anonymous_69)
FN:708,(anonymous_70)
FNF:71
FNH:9
FNDA:4,(anonymous_0)
FNDA:3,(anonymous_1)
FNDA:1,(anonymous_2)
FNDA:1,(anonymous_3)
FNDA:1,(anonymous_4)
FNDA:1,(anonymous_5)
FNDA:0,(anonymous_6)
FNDA:0,(anonymous_7)
FNDA:0,(anonymous_8)
FNDA:0,(anonymous_9)
FNDA:0,(anonymous_10)
FNDA:0,(anonymous_11)
FNDA:0,(anonymous_12)
FNDA:0,(anonymous_13)
FNDA:0,(anonymous_14)
FNDA:0,(anonymous_15)
FNDA:0,(anonymous_16)
FNDA:0,(anonymous_17)
FNDA:0,(anonymous_18)
FNDA:0,(anonymous_19)
FNDA:2,(anonymous_20)
FNDA:1,(anonymous_21)
FNDA:1,(anonymous_22)
FNDA:0,(anonymous_23)
FNDA:0,(anonymous_24)
FNDA:0,(anonymous_25)
FNDA:0,(anonymous_26)
FNDA:0,(anonymous_27)
FNDA:0,(anonymous_28)
FNDA:0,(anonymous_29)
FNDA:0,(anonymous_30)
FNDA:0,(anonymous_31)
FNDA:0,(anonymous_32)
FNDA:0,(anonymous_33)
FNDA:0,(anonymous_34)
FNDA:0,(anonymous_35)
FNDA:0,(anonymous_36)
FNDA:0,(anonymous_37)
FNDA:0,(anonymous_38)
FNDA:0,(anonymous_39)
FNDA:0,(anonymous_40)
FNDA:0,(anonymous_41)
FNDA:0,(anonymous_42)
FNDA:0,(anonymous_43)
FNDA:0,(anonymous_44)
FNDA:0,(anonymous_45)
FNDA:0,(anonymous_46)
FNDA:0,(anonymous_47)
FNDA:0,(anonymous_48)
FNDA:0,(anonymous_49)
FNDA:0,(anonymous_50)
FNDA:0,(anonymous_51)
FNDA:0,(anonymous_52)
FNDA:0,(anonymous_53)
FNDA:0,(anonymous_54)
FNDA:0,(anonymous_55)
FNDA:0,(anonymous_56)
FNDA:0,(anonymous_57)
FNDA:0,(anonymous_58)
FNDA:0,(anonymous_59)
FNDA:0,(anonymous_60)
FNDA:0,(anonymous_61)
FNDA:0,(anonymous_62)
FNDA:0,(anonymous_63)
FNDA:0,(anonymous_64)
FNDA:0,(anonymous_65)
FNDA:0,(anonymous_66)
FNDA:0,(anonymous_67)
FNDA:0,(anonymous_68)
FNDA:0,(anonymous_69)
FNDA:0,(anonymous_70)
DA:14,1
DA:15,1
DA:16,1
DA:22,1
DA:23,4
DA:24,4
DA:25,4
DA:28,1
DA:29,1
DA:30,1
DA:31,1
DA:34,1
DA:35,1
DA:36,1
DA:46,1
DA:49,0
DA:50,0
DA:51,0
DA:53,0
DA:54,0
DA:62,1
DA:65,0
DA:66,0
DA:68,0
DA:69,0
DA:73,0
DA:74,0
DA:75,0
DA:76,0
DA:77,0
DA:78,0
DA:80,0
DA:83,0
DA:85,0
DA:86,0
DA:95,1
DA:98,0
DA:99,0
DA:100,0
DA:102,0
DA:103,0
DA:111,1
DA:124,0
DA:125,0
DA:128,0
DA:131,0
DA:134,0
DA:135,0
DA:136,0
DA:139,0
DA:141,0
DA:142,0
DA:150,1
DA:164,0
DA:165,0
DA:166,0
DA:173,0
DA:174,0
DA:177,0
DA:179,0
DA:180,0
DA:188,1
DA:191,0
DA:192,0
DA:195,0
DA:198,0
DA:199,0
DA:200,0
DA:201,0
DA:204,0
DA:205,0
DA:213,1
DA:216,2
DA:218,2
DA:220,1
DA:221,1
DA:222,1
DA:223,1
DA:225,1
DA:233,1
DA:236,0
DA:247,1
DA:260,0
DA:261,0
DA:264,0
DA:265,0
DA:266,0
DA:267,0
DA:269,0
DA:274,0
DA:275,0
DA:276,0
DA:279,0
DA:281,0
DA:282,0
DA:290,1
DA:304,0
DA:305,0
DA:308,0
DA:309,0
DA:310,0
DA:311,0
DA:314,0
DA:318,0
DA:322,0
DA:324,0
DA:325,0
DA:333,1
DA:344,0
DA:345,0
DA:348,0
DA:349,0
DA:350,0
DA:351,0
DA:353,0
DA:356,0
DA:361,0
DA:362,0
DA:364,0
DA:365,0
DA:366,0
DA:367,0
DA:370,0
DA:372,0
DA:373,0
DA:382,1
DA:393,0
DA:395,0
DA:396,0
DA:397,0
DA:398,0
DA:401,0
DA:407,0
DA:408,0
DA:409,0
DA:410,0
DA:412,0
DA:418,0
DA:422,0
DA:423,0
DA:435,1
DA:438,0
DA:441,0
DA:442,0
DA:443,0
DA:444,0
DA:447,0
DA:454,0
DA:455,0
DA:456,0
DA:460,0
DA:467,1
DA:470,0
DA:473,0
DA:474,0
DA:475,0
DA:476,0
DA:479,0
DA:486,0
DA:487,0
DA:488,0
DA:489,0
DA:517,1
DA:523,1
DA:524,0
DA:525,0
DA:526,0
DA:528,0
DA:529,0
DA:530,0
DA:533,0
DA:534,0
DA:540,0
DA:542,0
DA:544,0
DA:546,0
DA:547,0
DA:554,0
DA:562,0
DA:563,0
DA:564,0
DA:566,0
DA:567,0
DA:568,0
DA:575,1
DA:578,0
DA:581,0
DA:582,0
DA:583,0
DA:584,0
DA:587,0
DA:594,0
DA:595,0
DA:596,0
DA:607,1
DA:610,0
DA:613,0
DA:614,0
DA:615,0
DA:616,0
DA:619,0
DA:626,0
DA:627,0
DA:628,0
DA:631,0
DA:646,1
DA:649,0
DA:652,0
DA:653,0
DA:654,0
DA:655,0
DA:658,0
DA:665,0
DA:666,0
DA:667,0
DA:676,0
DA:683,1
DA:686,0
DA:689,0
DA:690,0
DA:691,0
DA:692,0
DA:695,0
DA:702,0
DA:703,0
DA:704,0
DA:708,0
LF:227
LH:41
BRDA:25,0,0,4
BRDA:25,0,1,1
BRDA:31,1,0,1
BRDA:31,1,1,0
BRDA:36,2,0,1
BRDA:36,2,1,0
BRDA:68,3,0,0
BRDA:68,3,1,0
BRDA:75,4,0,0
BRDA:75,4,1,0
BRDA:135,5,0,0
BRDA:135,5,1,0
BRDA:174,6,0,0
BRDA:174,6,1,0
BRDA:199,7,0,0
BRDA:199,7,1,0
BRDA:218,8,0,1
BRDA:218,8,1,1
BRDA:223,9,0,1
BRDA:223,9,1,0
BRDA:266,10,0,0
BRDA:266,10,1,0
BRDA:275,11,0,0
BRDA:275,11,1,0
BRDA:275,12,0,0
BRDA:275,12,1,0
BRDA:310,13,0,0
BRDA:310,13,1,0
BRDA:314,14,0,0
BRDA:314,14,1,0
BRDA:350,15,0,0
BRDA:350,15,1,0
BRDA:362,16,0,0
BRDA:362,16,1,0
BRDA:367,17,0,0
BRDA:367,17,1,0
BRDA:397,18,0,0
BRDA:397,18,1,0
BRDA:409,19,0,0
BRDA:409,19,1,0
BRDA:443,20,0,0
BRDA:443,20,1,0
BRDA:456,21,0,0
BRDA:456,21,1,0
BRDA:475,22,0,0
BRDA:475,22,1,0
BRDA:488,23,0,0
BRDA:488,23,1,0
BRDA:528,24,0,0
BRDA:528,24,1,0
BRDA:528,25,0,0
BRDA:528,25,1,0
BRDA:544,26,0,0
BRDA:544,26,1,0
BRDA:546,27,0,0
BRDA:546,27,1,0
BRDA:583,28,0,0
BRDA:583,28,1,0
BRDA:596,29,0,0
BRDA:596,29,1,0
BRDA:615,30,0,0
BRDA:615,30,1,0
BRDA:628,31,0,0
BRDA:628,31,1,0
BRDA:654,32,0,0
BRDA:654,32,1,0
BRDA:667,33,0,0
BRDA:667,33,1,0
BRDA:670,34,0,0
BRDA:670,34,1,0
BRDA:691,35,0,0
BRDA:691,35,1,0
BRDA:704,36,0,0
BRDA:704,36,1,0
BRDA:707,37,0,0
BRDA:707,37,1,0
BRF:76
BRH:7
end_of_record
TN:
SF:src/use-cases/dependencies/add-dependency.use-case.ts
FN:27,createAddDependencyUseCase
FN:32,(anonymous_1)
FNF:2
FNH:2
FNDA:14,createAddDependencyUseCase
FNDA:14,(anonymous_1)
DA:31,14
DA:33,14
DA:36,14
DA:39,12
DA:40,1
DA:44,11
DA:45,11
DA:46,1
DA:52,10
DA:53,1
DA:59,9
DA:61,9
LF:12
LH:12
BRDA:39,0,0,1
BRDA:39,0,1,11
BRDA:45,1,0,1
BRDA:45,1,1,10
BRDA:52,2,0,1
BRDA:52,2,1,9
BRF:6
BRH:6
end_of_record
TN:
SF:src/use-cases/dependencies/index.ts
FNF:0
FNH:0
LF:0
LH:0
BRF:0
BRH:0
end_of_record
TN:
SF:src/use-cases/dependencies/remove-dependency.use-case.ts
FN:26,createRemoveDependencyUseCase
FN:31,(anonymous_1)
FNF:2
FNH:2
FNDA:6,createRemoveDependencyUseCase
FNDA:5,(anonymous_1)
DA:30,6
DA:34,5
DA:37,5
DA:40,3
DA:42,3
LF:5
LH:5
BRF:0
BRH:0
end_of_record
TN:
SF:src/use-cases/files/create-file.use-case.ts
FN:29,createCreateFileUseCase
FN:34,(anonymous_1)
FNF:2
FNH:2
FNDA:5,createCreateFileUseCase
FNDA:4,(anonymous_1)
DA:33,5
DA:36,4
DA:42,2
DA:52,4
DA:53,1
DA:54,1
DA:55,1
DA:67,2
DA:72,2
LF:9
LH:9
BRDA:46,0,0,2
BRDA:46,0,1,1
BRDA:47,1,0,4
BRDA:47,1,1,1
BRDA:52,2,0,1
BRDA:52,2,1,3
BRDA:54,3,0,1
BRDA:54,3,1,0
BRF:8
BRH:7
end_of_record
TN:
SF:src/use-cases/files/delete-file.use-case.ts
FN:24,createDeleteFileUseCase
FN:29,(anonymous_1)
FN:37,(anonymous_2)
FN:49,(anonymous_3)
FN:58,(anonymous_4)
FNF:5
FNH:5
FNDA:4,createDeleteFileUseCase
FNDA:3,(anonymous_1)
FNDA:4,(anonymous_2)
FNDA:3,(anonymous_3)
FNDA:2,(anonymous_4)
DA:28,4
DA:31,3
DA:37,4
DA:39,3
DA:40,0
DA:44,3
DA:45,1
DA:49,3
DA:50,2
DA:53,3
DA:56,2
DA:57,1
DA:58,2
DA:60,1
DA:61,1
DA:71,2
LF:16
LH:15
BRDA:39,0,0,0
BRDA:39,0,1,3
BRDA:44,1,0,1
BRDA:44,1,1,2
BRDA:56,2,0,1
BRDA:56,2,1,1
BRDA:60,3,0,1
BRDA:60,3,1,0
BRF:8
BRH:6
end_of_record
TN:
SF:src/use-cases/files/index.ts
FNF:0
FNH:0
LF:0
LH:0
BRF:0
BRH:0
end_of_record
TN:
SF:src/use-cases/files/update-file.use-case.ts
FN:30,createUpdateFileUseCase
FN:35,(anonymous_1)
FN:48,(anonymous_2)
FNF:3
FNH:3
FNDA:4,createUpdateFileUseCase
FNDA:3,(anonymous_1)
FNDA:1,(anonymous_2)
DA:34,4
DA:37,3
DA:43,2
DA:44,1
DA:48,1
DA:50,1
DA:51,0
DA:59,1
DA:60,1
DA:61,1
DA:62,1
DA:63,1
DA:66,1
DA:72,1
LF:14
LH:13
BRDA:43,0,0,1
BRDA:43,0,1,1
BRDA:43,1,0,2
BRDA:43,1,1,1
BRDA:50,2,0,0
BRDA:50,2,1,1
BRDA:60,3,0,0
BRDA:60,3,1,1
BRDA:61,4,0,1
BRDA:61,4,1,0
BRDA:63,5,0,0
BRDA:63,5,1,1
BRF:12
BRH:8
end_of_record
TN:
SF:src/use-cases/projects/create-project.use-case.ts
FN:52,createCreateProjectUseCase
FN:56,(anonymous_1)
FNF:2
FNH:2
FNDA:8,createCreateProjectUseCase
FNDA:7,(anonymous_1)
DA:55,8
DA:58,7
DA:59,7
DA:64,7
DA:65,7
DA:66,3
DA:67,4
DA:68,4
DA:70,4
DA:79,4
DA:84,6
DA:94,7
DA:96,6
LF:13
LH:13
BRDA:59,0,0,0
BRDA:59,0,1,6
BRDA:65,1,0,3
BRDA:65,1,1,4
BRDA:65,2,0,7
BRDA:65,2,1,3
BRDA:75,3,0,1
BRDA:75,3,1,3
BRDA:75,4,0,3
BRDA:75,4,1,2
BRDA:87,5,0,6
BRDA:87,5,1,6
BRDA:89,6,0,7
BRDA:89,6,1,3
BRF:14
BRH:13
end_of_record
TN:
SF:src/use-cases/projects/delete-project.use-case.ts
FN:24,createDeleteProjectUseCase
FN:29,(anonymous_1)
FNF:2
FNH:2
FNDA:4,createDeleteProjectUseCase
FNDA:3,(anonymous_1)
DA:28,4
DA:31,3
DA:34,1
DA:36,1
LF:4
LH:4
BRF:0
BRH:0
end_of_record
TN:
SF:src/use-cases/projects/get-project-with-dependencies.use-case.ts
FN:44,(anonymous_0)
FN:53,(anonymous_1)
FN:61,fetchProjectFiles
FN:83,(anonymous_3)
FNF:4
FNH:4
FNDA:11,(anonymous_0)
FNDA:10,(anonymous_1)
FNDA:20,fetchProjectFiles
FNDA:16,(anonymous_3)
DA:44,2
DA:48,11
DA:56,10
DA:58,10
DA:59,10
DA:63,20
DA:64,19
DA:67,19
DA:68,19
DA:69,1
DA:74,18
DA:78,18
DA:79,2
DA:83,16
DA:93,16
DA:96,16
DA:97,10
DA:101,10
DA:102,7
LF:19
LH:19
BRDA:63,0,0,1
BRDA:63,0,1,19
BRDA:68,1,0,1
BRDA:68,1,1,18
BRDA:78,2,0,2
BRDA:78,2,1,16
BRF:6
BRH:6
end_of_record
TN:
SF:src/use-cases/projects/get-project.use-case.ts
FN:26,createGetProjectUseCase
FN:31,(anonymous_1)
FNF:2
FNH:1
FNDA:1,createGetProjectUseCase
FNDA:0,(anonymous_1)
DA:30,1
DA:32,0
DA:34,0
DA:35,0
DA:39,0
DA:40,0
DA:44,0
DA:45,0
DA:49,0
LF:9
LH:1
BRDA:34,0,0,0
BRDA:34,0,1,0
BRDA:39,1,0,0
BRDA:39,1,1,0
BRDA:44,2,0,0
BRDA:44,2,1,0
BRF:6
BRH:0
end_of_record
TN:
SF:src/use-cases/projects/get-projects.use-case.ts
FN:24,createGetProjectsUseCase
FN:28,(anonymous_1)
FNF:2
FNH:2
FNDA:3,createGetProjectsUseCase
FNDA:2,(anonymous_1)
DA:27,3
DA:29,2
DA:31,2
LF:3
LH:3
BRF:0
BRH:0
end_of_record
TN:
SF:src/use-cases/projects/index.ts
FNF:0
FNH:0
LF:0
LH:0
BRF:0
BRH:0
end_of_record
TN:
SF:src/use-cases/projects/update-project.use-case.ts
FN:33,createUpdateProjectUseCase
FN:38,(anonymous_1)
FNF:2
FNH:1
FNDA:1,createUpdateProjectUseCase
FNDA:0,(anonymous_1)
DA:37,1
DA:40,0
DA:46,0
DA:48,0
DA:49,0
DA:52,0
DA:53,0
DA:56,0
DA:57,0
DA:60,0
DA:61,0
DA:65,0
DA:68,0
DA:73,0
LF:14
LH:1
BRDA:48,0,0,0
BRDA:48,0,1,0
BRDA:52,1,0,0
BRDA:52,1,1,0
BRDA:56,2,0,0
BRDA:56,2,1,0
BRDA:60,3,0,0
BRDA:60,3,1,0
BRF:8
BRH:0
end_of_record
TN:
SF:src/use-cases/shares/add-user-share.use-case.ts
FN:28,createAddUserShareUseCase
FN:33,(anonymous_1)
FNF:2
FNH:2
FNDA:10,createAddUserShareUseCase
FNDA:10,(anonymous_1)
DA:32,10
DA:34,10
DA:37,10
DA:38,10
DA:39,2
DA:43,8
DA:47,6
DA:48,6
DA:49,1
DA:55,5
DA:56,1
DA:60,4
DA:65,4
LF:13
LH:13
BRDA:38,0,0,2
BRDA:38,0,1,8
BRDA:48,1,0,1
BRDA:48,1,1,5
BRDA:55,2,0,1
BRDA:55,2,1,4
BRF:6
BRH:6
end_of_record
TN:
SF:src/use-cases/shares/index.ts
FNF:0
FNH:0
LF:0
LH:0
BRF:0
BRH:0
end_of_record
TN:
SF:src/use-cases/shares/remove-user-share.use-case.ts
FN:26,createRemoveUserShareUseCase
FN:31,(anonymous_1)
FNF:2
FNH:2
FNDA:5,createRemoveUserShareUseCase
FNDA:4,(anonymous_1)
DA:30,5
DA:32,4
DA:35,4
DA:38,2
DA:40,2
LF:5
LH:5
BRF:0
BRH:0
end_of_record
TN:
SF:src/use-cases/tags/add-tag.use-case.ts
FN:30,isValidTagName
FN:40,createAddTagUseCase
FN:45,(anonymous_2)
FNF:3
FNH:3
FNDA:21,isValidTagName
FNDA:20,createAddTagUseCase
FNDA:21,(anonymous_2)
DA:31,21
DA:33,21
DA:44,20
DA:46,21
DA:49,21
DA:50,5
DA:56,16
DA:59,14
DA:61,14
LF:9
LH:9
BRDA:49,0,0,5
BRDA:49,0,1,16
BRF:2
BRH:2
end_of_record
TN:
SF:src/use-cases/tags/index.ts
FNF:0
FNH:0
LF:0
LH:0
BRF:0
BRH:0
end_of_record
TN:
SF:src/use-cases/tags/remove-tag.use-case.ts
FN:27,createRemoveTagUseCase
FN:32,(anonymous_1)
FNF:2
FNH:2
FNDA:7,createRemoveTagUseCase
FNDA:6,(anonymous_1)
DA:31,7
DA:33,6
DA:36,6
DA:39,4
DA:41,4
LF:5
LH:5
BRF:0
BRH:0
end_of_record
